17:14:58 - game started
17:15:00 - loading in new level
17:15:01 - projectile shot
17:15:02 - ball hit
17:15:02 - ball splits
17:15:02 - projectile shot
17:15:02 - projectile shot
17:15:03 - player died
17:15:04 - projectile shot
17:15:04 - ball hit
17:15:04 - ball splits
17:15:05 - projectile shot
17:15:05 - ball hit
17:15:07 - projectile shot
17:15:07 - ball hit
17:15:07 - next level
17:15:07 - loading in new level
17:15:08 - projectile shot
17:15:09 - ball hit
17:15:09 - ball splits
17:15:09 - projectile shot
17:15:09 - ball hit
17:15:09 - ball splits
17:15:10 - projectile shot
17:15:10 - ball hit
17:15:12 - projectile shot
17:15:12 - ball hit
17:15:12 - ball splits
17:15:13 - projectile shot
17:15:13 - ball hit
17:15:14 - projectile shot
17:15:14 - ball hit
17:15:15 - player died
17:15:15 - projectile shot
17:15:16 - projectile shot
17:15:17 - ball hit
17:15:17 - ball splits
17:15:17 - projectile shot
17:15:18 - projectile shot
17:15:18 - ball hit
17:15:18 - ball splits
17:15:18 - projectile shot
17:15:19 - ball hit
17:15:19 - projectile shot
17:15:20 - projectile shot
17:15:20 - ball hit
17:15:20 - ball splits
17:15:21 - projectile shot
17:15:21 - ball hit
17:15:23 - projectile shot
17:15:23 - ball hit
17:15:25 - projectile shot
17:15:25 - ball hit
17:15:25 - next level
17:15:25 - loading in new level
17:15:25 - projectile shot
17:15:26 - projectile shot
17:15:26 - ball hit
17:15:26 - ball splits
17:15:26 - projectile shot
17:15:27 - ball hit
17:15:27 - ball splits
17:15:27 - projectile shot
17:15:27 - ball hit
17:15:27 - projectile shot
17:15:28 - ball hit
17:15:28 - projectile shot
17:15:30 - projectile shot
17:15:30 - ball hit
17:15:30 - projectile shot
17:15:31 - ball hit
17:15:31 - next level
17:15:31 - loading in new level
22:48:01 - <Running test>
22:51:47 - <Running test>
22:52:10 - game started
22:52:12 - loading in new level
22:52:14 - projectile shot
22:52:14 - ball hit
22:52:14 - ball splits
22:52:15 - projectile shot
22:52:16 - projectile shot
22:52:17 - player died
22:52:18 - projectile shot
22:52:18 - ball hit
22:52:18 - ball splits
22:52:19 - projectile shot
22:52:19 - ball hit
22:52:20 - projectile shot
22:52:21 - ball hit
22:52:21 - next level
22:52:21 - loading in new level
22:52:22 - projectile shot
22:52:22 - ball hit
22:52:22 - ball splits
22:52:23 - projectile shot
22:52:23 - ball hit
22:52:23 - ball splits
22:52:24 - projectile shot
22:52:24 - ball hit
22:52:26 - projectile shot
22:52:26 - ball hit
22:52:26 - ball splits
22:52:27 - projectile shot
22:52:27 - ball hit
22:52:28 - projectile shot
22:52:29 - ball hit
22:52:29 - projectile shot
22:52:31 - projectile shot
22:52:31 - player died
22:52:31 - projectile shot
22:52:32 - projectile shot
22:52:32 - ball hit
22:52:32 - ball splits
22:52:32 - projectile shot
22:52:33 - projectile shot
22:52:33 - ball hit
22:52:33 - ball splits
22:52:34 - projectile shot
22:52:34 - ball hit
22:52:36 - projectile shot
22:52:36 - ball hit
22:52:36 - ball splits
22:52:36 - projectile shot
22:52:37 - ball hit
22:52:38 - projectile shot
22:52:38 - ball hit
22:52:39 - projectile shot
22:52:39 - ball hit
22:52:39 - next level
22:52:39 - loading in new level
22:52:39 - projectile shot
22:52:40 - projectile shot
22:52:41 - ball hit
22:52:41 - ball splits
22:52:41 - projectile shot
22:52:41 - ball hit
22:52:41 - ball splits
22:52:41 - projectile shot
22:52:42 - ball hit
22:52:42 - projectile shot
22:52:42 - ball hit
22:52:43 - projectile shot
22:52:44 - ball hit
22:52:44 - projectile shot
22:52:45 - ball hit
22:52:45 - next level
22:52:45 - loading in new level
22:52:48 - player died
22:52:48 - player died
22:52:48 - player died
22:52:48 - player died
22:52:48 - player died
22:52:48 - player died
23:00:30 - game started
23:00:32 - loading in new level
23:02:32 - game started
23:02:34 - loading in new level
23:05:57 - game started
23:05:59 - loading in new level
23:06:01 - loading in new level
23:06:03 - projectile shot
23:06:03 - ball hit
23:06:03 - ball splits
23:06:03 - projectile shot
23:06:04 - projectile shot
23:06:04 - ball hit
23:06:06 - projectile shot
23:06:07 - ball hit
23:06:07 - next level
23:06:07 - loading in new level
23:06:08 - projectile shot
23:06:08 - ball hit
23:06:08 - ball splits
23:06:08 - projectile shot
23:06:09 - projectile shot
23:06:09 - ball hit
23:06:09 - ball splits
23:06:10 - projectile shot
23:06:10 - ball hit
23:06:12 - player died
23:06:13 - projectile shot
23:06:13 - ball hit
23:06:13 - ball splits
23:06:13 - projectile shot
23:06:14 - ball hit
23:06:14 - ball splits
23:06:14 - projectile shot
23:06:15 - player died
23:06:16 - projectile shot
23:06:17 - projectile shot
23:06:19 - projectile shot
23:06:19 - ball hit
23:06:19 - ball splits
23:06:19 - projectile shot
23:06:20 - ball hit
23:06:20 - ball splits
23:06:20 - projectile shot
23:06:20 - ball hit
23:06:20 - ball splits
23:06:20 - projectile shot
23:06:20 - ball hit
23:06:21 - projectile shot
23:06:22 - projectile shot
23:06:22 - ball hit
23:06:23 - player died
23:06:23 - projectile shot
23:06:24 - projectile shot
23:06:24 - ball hit
23:06:24 - ball splits
23:06:24 - projectile shot
23:06:25 - projectile shot
23:06:25 - ball hit
23:06:25 - ball splits
23:06:25 - projectile shot
23:06:26 - ball hit
23:08:40 - game started
23:08:42 - loading in new level
23:08:43 - loading in new level
23:08:45 - projectile shot
23:08:45 - ball hit
23:08:45 - ball splits
23:08:46 - projectile shot
23:08:46 - ball hit
23:08:47 - projectile shot
23:08:47 - ball hit
23:08:48 - next level
23:08:48 - loading in new level
23:08:49 - projectile shot
23:08:49 - ball hit
23:08:49 - ball splits
23:08:50 - projectile shot
23:08:50 - ball hit
23:08:50 - ball splits
23:08:51 - projectile shot
23:08:52 - ball hit
23:08:53 - projectile shot
23:08:53 - ball hit
23:08:53 - ball splits
23:08:53 - projectile shot
23:08:54 - ball hit
23:08:55 - projectile shot
23:08:55 - player died
23:08:55 - projectile shot
23:08:56 - projectile shot
23:08:57 - ball hit
23:08:57 - ball splits
23:08:57 - projectile shot
23:08:57 - ball hit
23:08:57 - ball splits
23:08:58 - projectile shot
23:08:58 - ball hit
23:09:01 - projectile shot
23:09:02 - ball hit
23:09:02 - ball splits
23:09:02 - projectile shot
23:09:02 - ball hit
23:09:04 - projectile shot
23:09:04 - ball hit
23:09:06 - projectile shot
23:09:06 - player died
23:09:06 - projectile shot
23:09:08 - projectile shot
23:09:08 - ball hit
23:09:08 - ball splits
23:09:08 - projectile shot
23:09:09 - ball hit
23:09:09 - ball splits
23:09:09 - projectile shot
23:09:10 - ball hit
23:09:11 - projectile shot
23:09:12 - ball hit
23:09:12 - ball splits
23:09:12 - projectile shot
23:09:12 - ball hit
23:09:13 - projectile shot
23:09:13 - ball hit
23:09:14 - projectile shot
23:09:15 - ball hit
23:09:15 - next level
23:09:15 - loading in new level
23:09:15 - projectile shot
23:09:16 - projectile shot
23:09:16 - ball hit
23:09:16 - ball splits
23:09:16 - projectile shot
23:09:17 - ball hit
23:09:17 - ball splits
23:09:17 - projectile shot
23:09:17 - ball hit
23:09:18 - projectile shot
23:09:18 - player died
23:09:18 - projectile shot
23:09:19 - projectile shot
23:09:20 - ball hit
23:09:20 - ball splits
23:09:20 - projectile shot
23:09:20 - ball hit
23:09:20 - ball splits
23:09:20 - projectile shot
23:09:21 - ball hit
23:09:21 - projectile shot
23:09:21 - ball hit
23:09:23 - projectile shot
23:09:23 - ball hit
23:09:25 - projectile shot
23:09:25 - ball hit
23:09:25 - next level
23:09:25 - loading in new level
23:09:27 - projectile shot
23:09:27 - ball hit
23:09:27 - ball splits
23:09:27 - projectile shot
23:09:27 - ball hit
23:09:27 - ball splits
23:09:27 - projectile shot
23:09:28 - ball hit
23:09:28 - ball splits
23:09:28 - projectile shot
23:09:28 - ball hit
23:09:28 - projectile shot
23:09:29 - player died
23:09:29 - projectile shot
